<?xml version="1.0" encoding="UTF-8"?>
<testsuite xmlns:xsi="http://www.w3.org/2001/XMLSchema-instance" xsi:schemaLocation="https://maven.apache.org/surefire/maven-surefire-plugin/xsd/surefire-test-report.xsd" name="runner.TestRunner" time="113.777" tests="45" errors="0" skipped="0" failures="0">
  <properties>
    <property name="java.runtime.name" value="Java(TM) SE Runtime Environment"/>
    <property name="sun.boot.library.path" value="C:\Program Files\Java\jdk1.8.0_111\jre\bin"/>
    <property name="java.vm.version" value="25.111-b14"/>
    <property name="java.vm.vendor" value="Oracle Corporation"/>
    <property name="maven.multiModuleProjectDirectory" value="C:\TestYantraNew\JavaSelenium\Cucumber_Junit_CRM"/>
    <property name="java.vendor.url" value="http://java.oracle.com/"/>
    <property name="path.separator" value=";"/>
    <property name="guice.disable.misplaced.annotation.check" value="true"/>
    <property name="java.vm.name" value="Java HotSpot(TM) 64-Bit Server VM"/>
    <property name="file.encoding.pkg" value="sun.io"/>
    <property name="user.script" value=""/>
    <property name="user.country" value="GB"/>
    <property name="sun.java.launcher" value="SUN_STANDARD"/>
    <property name="sun.os.patch.level" value=""/>
    <property name="java.vm.specification.name" value="Java Virtual Machine Specification"/>
    <property name="user.dir" value="C:\TestYantraNew\JavaSelenium\Cucumber_Junit_CRM"/>
    <property name="java.runtime.version" value="1.8.0_111-b14"/>
    <property name="java.awt.graphicsenv" value="sun.awt.Win32GraphicsEnvironment"/>
    <property name="java.endorsed.dirs" value="C:\Program Files\Java\jdk1.8.0_111\jre\lib\endorsed"/>
    <property name="os.arch" value="amd64"/>
    <property name="java.io.tmpdir" value="C:\Users\SAISAK~1\AppData\Local\Temp\"/>
    <property name="line.separator" value="&#10;"/>
    <property name="java.vm.specification.vendor" value="Oracle Corporation"/>
    <property name="user.variant" value=""/>
    <property name="os.name" value="Windows 10"/>
    <property name="classworlds.conf" value="C:\TestYantraNew\Mysoftwares\apache-maven-3.5.3\bin\m2.conf"/>
    <property name="sun.jnu.encoding" value="Cp1252"/>
    <property name="java.library.path" value="C:\Program Files\Java\jdk1.8.0_111\bin;C:\WINDOWS\Sun\Java\bin;C:\WINDOWS\system32;C:\WINDOWS;C:\oracle\product\10.2.0\db_1\bin;C:\ProgramData\Oracle\Java\javapath;C:\WINDOWS\system32;C:\WINDOWS;C:\WINDOWS\System32\Wbem;C:\WINDOWS\System32\WindowsPowerShell\v1.0\;C:\Program Files (x86)\Common Files\lenovo\easyplussdk\bin;C:\Swathi\MySoftwares\apache-ant-1.9.7\bin;C:\Program Files\Intel\WiFi\bin\;C:\Program Files\Common Files\Intel\WirelessCommon\;D:\my software\bin;C:\Program Files\SlikSvn\bin\;C:\Swathi\MySoftwares\apache-maven-3.3.9\bin;C:\Program Files (x86)\Skype\Phone\;C:\Sai\MySoftwares\apache-ant-1.9.7\bin;C:\Sai\MySoftwares\apache-maven-3.3.9\bin;C:\Program Files\Git\cmd;C:\Program Files\Java\jdk1.8.0_111\bin;C:\TestYantraNew\Mysoftwares\apache-maven-3.5.3\bin;C:\Users\SaiSaketh\AppData\Local\Microsoft\WindowsApps;;."/>
    <property name="maven.conf" value="C:\TestYantraNew\Mysoftwares\apache-maven-3.5.3/conf"/>
    <property name="java.specification.name" value="Java Platform API Specification"/>
    <property name="java.class.version" value="52.0"/>
    <property name="sun.management.compiler" value="HotSpot 64-Bit Tiered Compilers"/>
    <property name="os.version" value="10.0"/>
    <property name="user.home" value="C:\Users\SaiSaketh"/>
    <property name="user.timezone" value="Europe/London"/>
    <property name="java.awt.printerjob" value="sun.awt.windows.WPrinterJob"/>
    <property name="java.specification.version" value="1.8"/>
    <property name="file.encoding" value="Cp1252"/>
    <property name="user.name" value="SaiSaketh"/>
    <property name="java.class.path" value="C:\TestYantraNew\Mysoftwares\apache-maven-3.5.3\boot\plexus-classworlds-2.5.2.jar"/>
    <property name="java.vm.specification.version" value="1.8"/>
    <property name="sun.arch.data.model" value="64"/>
    <property name="java.home" value="C:\Program Files\Java\jdk1.8.0_111\jre"/>
    <property name="sun.java.command" value="org.codehaus.plexus.classworlds.launcher.Launcher test"/>
    <property name="java.specification.vendor" value="Oracle Corporation"/>
    <property name="user.language" value="en"/>
    <property name="awt.toolkit" value="sun.awt.windows.WToolkit"/>
    <property name="java.vm.info" value="mixed mode"/>
    <property name="java.version" value="1.8.0_111"/>
    <property name="java.ext.dirs" value="C:\Program Files\Java\jdk1.8.0_111\jre\lib\ext;C:\WINDOWS\Sun\Java\lib\ext"/>
    <property name="sun.boot.class.path" value="C:\Program Files\Java\jdk1.8.0_111\jre\lib\resources.jar;C:\Program Files\Java\jdk1.8.0_111\jre\lib\rt.jar;C:\Program Files\Java\jdk1.8.0_111\jre\lib\sunrsasign.jar;C:\Program Files\Java\jdk1.8.0_111\jre\lib\jsse.jar;C:\Program Files\Java\jdk1.8.0_111\jre\lib\jce.jar;C:\Program Files\Java\jdk1.8.0_111\jre\lib\charsets.jar;C:\Program Files\Java\jdk1.8.0_111\jre\lib\jfr.jar;C:\Program Files\Java\jdk1.8.0_111\jre\classes"/>
    <property name="java.vendor" value="Oracle Corporation"/>
    <property name="maven.home" value="C:\TestYantraNew\Mysoftwares\apache-maven-3.5.3"/>
    <property name="file.separator" value="\"/>
    <property name="java.vendor.url.bug" value="http://bugreport.sun.com/bugreport/"/>
    <property name="sun.cpu.endian" value="little"/>
    <property name="sun.io.unicode.encoding" value="UnicodeLittle"/>
    <property name="sun.desktop" value="windows"/>
    <property name="sun.cpu.isalist" value="amd64"/>
  </properties>
  <testcase name="Given User navigates to the Free CRM url on the opened browser" classname="| swathitesting81 | testing123 | success |" time="0.003"/>
  <testcase name="Then Login page is displayed" classname="| swathitesting81 | testing123 | success |" time="0"/>
  <testcase name="Then User enters username as &quot;swathitesting81&quot; and password as &quot;testing123&quot;" classname="| swathitesting81 | testing123 | success |" time="0"/>
  <testcase name="Then User click on login button" classname="| swathitesting81 | testing123 | success |" time="0"/>
  <testcase name="Then login should be &quot;success&quot;" classname="| swathitesting81 | testing123 | success |" time="0"/>
  <testcase name="Then Validate home page title" classname="| swathitesting81 | testing123 | success |" time="0"/>
  <testcase name="| swathitesting81 | testing123 | success |" classname="| swathitesting81 | testing123 | success |" time="1.006"/>
  <testcase name="Given User navigates to the Free CRM url on the opened browser" classname="| swathi123testing | testing123 | success |" time="0"/>
  <testcase name="Then Login page is displayed" classname="| swathi123testing | testing123 | success |" time="0"/>
  <testcase name="Then User enters username as &quot;swathi123testing&quot; and password as &quot;testing123&quot;" classname="| swathi123testing | testing123 | success |" time="0"/>
  <testcase name="Then User click on login button" classname="| swathi123testing | testing123 | success |" time="0"/>
  <testcase name="Then login should be &quot;success&quot;" classname="| swathi123testing | testing123 | success |" time="0"/>
  <testcase name="Then Validate home page title" classname="| swathi123testing | testing123 | success |" time="0"/>
  <testcase name="| swathi123testing | testing123 | success |" classname="| swathi123testing | testing123 | success |" time="0.873"/>
  <testcase name="Given User navigates to the Free CRM url on the opened browser" classname="| swathi123testing | testing123 | Danniel | Josh | Manager |" time="0"/>
  <testcase name="Then Login page is displayed" classname="| swathi123testing | testing123 | Danniel | Josh | Manager |" time="0"/>
  <testcase name="Then User enters username as &quot;swathi123testing&quot; and password as &quot;testing123&quot;" classname="| swathi123testing | testing123 | Danniel | Josh | Manager |" time="0"/>
  <testcase name="Then User click on login button" classname="| swathi123testing | testing123 | Danniel | Josh | Manager |" time="0"/>
  <testcase name="Then Validate home page title" classname="| swathi123testing | testing123 | Danniel | Josh | Manager |" time="0"/>
  <testcase name="Then User switches and moves to new contacts page" classname="| swathi123testing | testing123 | Danniel | Josh | Manager |" time="0"/>
  <testcase name="Then Verify contacts page is displayed" classname="| swathi123testing | testing123 | Danniel | Josh | Manager |" time="0"/>
  <testcase name="Then User enters &quot;Danniel&quot; and &quot;Josh&quot; and &quot;Manager&quot;" classname="| swathi123testing | testing123 | Danniel | Josh | Manager |" time="0"/>
  <testcase name="Then User clicks on contacts tab" classname="| swathi123testing | testing123 | Danniel | Josh | Manager |" time="0"/>
  <testcase name="Then Verify the new created contact &quot;Danniel&quot; under contacts" classname="| swathi123testing | testing123 | Danniel | Josh | Manager |" time="0"/>
  <testcase name="| swathi123testing | testing123 | Danniel | Josh | Manager |" classname="| swathi123testing | testing123 | Danniel | Josh | Manager |" time="0.923"/>
  <testcase name="Given User navigates to the Free CRM url on the opened browser" classname="| swathi123testing | testing123 | Henry | Peter | Director |" time="0"/>
  <testcase name="Then Login page is displayed" classname="| swathi123testing | testing123 | Henry | Peter | Director |" time="0"/>
  <testcase name="Then User enters username as &quot;swathi123testing&quot; and password as &quot;testing123&quot;" classname="| swathi123testing | testing123 | Henry | Peter | Director |" time="0"/>
  <testcase name="Then User click on login button" classname="| swathi123testing | testing123 | Henry | Peter | Director |" time="0"/>
  <testcase name="Then Validate home page title" classname="| swathi123testing | testing123 | Henry | Peter | Director |" time="0"/>
  <testcase name="Then User switches and moves to new contacts page" classname="| swathi123testing | testing123 | Henry | Peter | Director |" time="0"/>
  <testcase name="Then Verify contacts page is displayed" classname="| swathi123testing | testing123 | Henry | Peter | Director |" time="0"/>
  <testcase name="Then User enters &quot;Henry&quot; and &quot;Peter&quot; and &quot;Director&quot;" classname="| swathi123testing | testing123 | Henry | Peter | Director |" time="0.001"/>
  <testcase name="Then User clicks on contacts tab" classname="| swathi123testing | testing123 | Henry | Peter | Director |" time="0"/>
  <testcase name="Then Verify the new created contact &quot;Henry&quot; under contacts" classname="| swathi123testing | testing123 | Henry | Peter | Director |" time="0"/>
  <testcase name="| swathi123testing | testing123 | Henry | Peter | Director |" classname="| swathi123testing | testing123 | Henry | Peter | Director |" time="0.922"/>
  <testcase name="Given User navigates to the Free CRM url on the opened browser" classname="Scenario: Multiple deals creation using datatable" time="0"/>
  <testcase name="Then Login page is displayed" classname="Scenario: Multiple deals creation using datatable" time="0"/>
  <testcase name="Then User enters username and password" classname="Scenario: Multiple deals creation using datatable" time="0"/>
  <testcase name="Then User click on login button" classname="Scenario: Multiple deals creation using datatable" time="0"/>
  <testcase name="Then Validate home page title" classname="Scenario: Multiple deals creation using datatable" time="0"/>
  <testcase name="Then User switches and moves to new deals page" classname="Scenario: Multiple deals creation using datatable" time="0"/>
  <testcase name="Then Verify deals page is displayed" classname="Scenario: Multiple deals creation using datatable" time="0"/>
  <testcase name="Then User enters deal details and validate created user" classname="Scenario: Multiple deals creation using datatable" time="0"/>
  <testcase name="Scenario: Multiple deals creation using datatable" classname="Scenario: Multiple deals creation using datatable" time="0.96"/>
</testsuite>