<?xml version="1.0" encoding="UTF-8"?>
<testsuite xmlns:xsi="http://www.w3.org/2001/XMLSchema-instance" xsi:schemaLocation="https://maven.apache.org/surefire/maven-surefire-plugin/xsd/surefire-test-report.xsd" name="runner.TestRunner2" time="106.116" tests="55" errors="0" skipped="0" failures="2">
  <properties>
    <property name="java.vendor" value="Oracle Corporation"/>
    <property name="JOB_NAME" value="CucumberCRMNew"/>
    <property name="sun.java.launcher" value="SUN_STANDARD"/>
    <property name="NUMBER_OF_PROCESSORS" value="4"/>
    <property name="sun.management.compiler" value="HotSpot 64-Bit Tiered Compilers"/>
    <property name="JENKINS_HOME" value="C:\Users\SaiSaketh\.jenkins"/>
    <property name="FPS_BROWSER_USER_PROFILE_STRING" value="Default"/>
    <property name="HUDSON_SERVER_COOKIE" value="d41d95b6e422fee6"/>
    <property name="POM_ARTIFACTID" value="Cucumber_Junit_CRM"/>
    <property name="os.name" value="Windows 10"/>
    <property name="sun.boot.class.path" value="C:\Program Files\Java\jdk1.8.0_111\jre\lib\resources.jar;C:\Program Files\Java\jdk1.8.0_111\jre\lib\rt.jar;C:\Program Files\Java\jdk1.8.0_111\jre\lib\sunrsasign.jar;C:\Program Files\Java\jdk1.8.0_111\jre\lib\jsse.jar;C:\Program Files\Java\jdk1.8.0_111\jre\lib\jce.jar;C:\Program Files\Java\jdk1.8.0_111\jre\lib\charsets.jar;C:\Program Files\Java\jdk1.8.0_111\jre\lib\jfr.jar;C:\Program Files\Java\jdk1.8.0_111\jre\classes"/>
    <property name="EXECUTOR_NUMBER" value="0"/>
    <property name="sun.desktop" value="windows"/>
    <property name="PATHEXT" value=".COM;.EXE;.BAT;.CMD;.VBS;.VBE;.JS;.JSE;.WSF;.WSH;.MSC"/>
    <property name="java.vm.specification.vendor" value="Oracle Corporation"/>
    <property name="POM_DISPLAYNAME" value="Cucumber_Junit_CRM"/>
    <property name="NODE_LABELS" value="master"/>
    <property name="TEMP" value="C:\Users\SAISAK~1\AppData\Local\Temp"/>
    <property name="java.runtime.version" value="1.8.0_111-b14"/>
    <property name="FPS_BROWSER_APP_PROFILE_STRING" value="Internet Explorer"/>
    <property name="ANT_HOME" value="C:\Sai\MySoftwares\apache-ant-1.9.7"/>
    <property name="user.name" value="SaiSaketh"/>
    <property name="guice.disable.misplaced.annotation.check" value="true"/>
    <property name="CommonProgramW6432" value="C:\Program Files\Common Files"/>
    <property name="ProgramFiles" value="C:\Program Files"/>
    <property name="PROMPT" value="$P$G"/>
    <property name="user.language" value="en"/>
    <property name="JOB_BASE_NAME" value="CucumberCRMNew"/>
    <property name="RUN_CHANGES_DISPLAY_URL" value="http://localhost:8080/job/CucumberCRMNew/7/display/redirect?page=changes"/>
    <property name="BUILD_DISPLAY_NAME" value="#7"/>
    <property name="OneDrive" value="C:\Users\SaiSaketh\OneDrive"/>
    <property name="sun.boot.library.path" value="C:\Program Files\Java\jdk1.8.0_111\jre\bin"/>
    <property name="LOCALAPPDATA" value="C:\Users\SaiSaketh\AppData\Local"/>
    <property name="java.version" value="1.8.0_111"/>
    <property name="PROCESSOR_LEVEL" value="6"/>
    <property name="user.timezone" value="Europe/London"/>
    <property name="USERNAME" value="SaiSaketh"/>
    <property name="sun.arch.data.model" value="64"/>
    <property name="NODE_NAME" value="master"/>
    <property name="PERL5LIB" value="C:\oracle\product\10.2.0\db_1\perl\5.8.3\lib\MSWin32-x86;C:\oracle\product\10.2.0\db_1\perl\5.8.3\lib;C:\oracle\product\10.2.0\db_1\perl\5.8.3\lib\MSWin32-x86;C:\oracle\product\10.2.0\db_1\perl\site\5.8.3;C:\oracle\product\10.2.0\db_1\perl\site\5.8.3\lib;C:\oracle\product\10.2.0\db_1\sysman\admin\scripts;"/>
    <property name="java.endorsed.dirs" value="C:\Program Files\Java\jdk1.8.0_111\jre\lib\endorsed"/>
    <property name="BUILD_ID" value="7"/>
    <property name="sun.cpu.isalist" value="amd64"/>
    <property name="sun.jnu.encoding" value="Cp1252"/>
    <property name="file.encoding.pkg" value="sun.io"/>
    <property name="file.separator" value="\"/>
    <property name="java.specification.name" value="Java Platform API Specification"/>
    <property name="HOMEDRIVE" value="C:"/>
    <property name="java.class.version" value="52.0"/>
    <property name="=::" value="::\"/>
    <property name="org.slf4j.simpleLogger.defaultLogLevel" value="info"/>
    <property name="user.country" value="GB"/>
    <property name="ALLUSERSPROFILE" value="C:\ProgramData"/>
    <property name="java.home" value="C:\Program Files\Java\jdk1.8.0_111\jre"/>
    <property name="java.vm.info" value="mixed mode"/>
    <property name="os.version" value="10.0"/>
    <property name="RUN_DISPLAY_URL" value="http://localhost:8080/job/CucumberCRMNew/7/display/redirect"/>
    <property name="POM_VERSION" value="0.0.1-SNAPSHOT"/>
    <property name="configsetroot" value="C:\WINDOWS\ConfigSetRoot"/>
    <property name="TMP" value="C:\Users\SAISAK~1\AppData\Local\Temp"/>
    <property name="path.separator" value=";"/>
    <property name="java.vm.version" value="25.111-b14"/>
    <property name="user.variant" value=""/>
    <property name="JOB_DISPLAY_URL" value="http://localhost:8080/job/CucumberCRMNew/display/redirect"/>
    <property name="CommonProgramFiles(x86)" value="C:\Program Files (x86)\Common Files"/>
    <property name="USERDOMAIN_ROAMINGPROFILE" value="LAPTOP-A9SHFLG8"/>
    <property name="java.awt.printerjob" value="sun.awt.windows.WPrinterJob"/>
    <property name="JAVA_HOME" value="C:\Program Files\Java\jdk1.8.0_111"/>
    <property name="sun.io.unicode.encoding" value="UnicodeLittle"/>
    <property name="CommonProgramFiles" value="C:\Program Files\Common Files"/>
    <property name="ComSpec" value="C:\WINDOWS\system32\cmd.exe"/>
    <property name="awt.toolkit" value="sun.awt.windows.WToolkit"/>
    <property name="HOMEPATH" value="\Users\SaiSaketh"/>
    <property name="POM_PACKAGING" value="jar"/>
    <property name="user.script" value=""/>
    <property name="COMPUTERNAME" value="LAPTOP-A9SHFLG8"/>
    <property name="POM_GROUPID" value="cucumberpages"/>
    <property name="user.home" value="C:\Users\SaiSaketh"/>
    <property name="PUBLIC" value="C:\Users\Public"/>
    <property name="BUILD_TAG" value="jenkins-CucumberCRMNew-7"/>
    <property name="JENKINS_SERVER_COOKIE" value="d41d95b6e422fee6"/>
    <property name="HUDSON_URL" value="http://localhost:8080/"/>
    <property name="ProgramData" value="C:\ProgramData"/>
    <property name="java.specification.vendor" value="Oracle Corporation"/>
    <property name="USERPROFILE" value="C:\Users\SaiSaketh"/>
    <property name="CLASSPATH" value=""/>
    <property name="java.vendor.url" value="http://java.oracle.com/"/>
    <property name="java.library.path" value="C:\Program Files\Java\jdk1.8.0_111\bin;C:\WINDOWS\Sun\Java\bin;C:\WINDOWS\system32;C:\WINDOWS;C:\Sai\MySoftwares\apache-maven-3.3.9/bin;C:\Program Files\Java\jdk1.8.0_111/bin;C:\Program Files\Java\jdk1.8.0_111/bin;C:\oracle\product\10.2.0\db_1\bin;C:\ProgramData\Oracle\Java\javapath;C:\WINDOWS\system32;C:\WINDOWS;C:\WINDOWS\System32\Wbem;C:\WINDOWS\System32\WindowsPowerShell\v1.0\;C:\Program Files (x86)\Common Files\lenovo\easyplussdk\bin;C:\Swathi\MySoftwares\apache-ant-1.9.7\bin;C:\Program Files\Intel\WiFi\bin\;C:\Program Files\Common Files\Intel\WirelessCommon\;D:\my software\bin;C:\Program Files\SlikSvn\bin\;C:\Swathi\MySoftwares\apache-maven-3.3.9\bin;C:\Program Files (x86)\Skype\Phone\;C:\Sai\MySoftwares\apache-ant-1.9.7\bin;C:\Sai\MySoftwares\apache-maven-3.3.9\bin;C:\Program Files\Git\cmd;C:\Program Files\Java\jdk1.8.0_111\bin;C:\TestYantraNew\Mysoftwares\apache-maven-3.5.3\bin;C:\Users\SaiSaketh\AppData\Local\Microsoft\WindowsApps;;."/>
    <property name="java.vm.vendor" value="Oracle Corporation"/>
    <property name="APPDATA" value="C:\Users\SaiSaketh\AppData\Roaming"/>
    <property name="java.runtime.name" value="Java(TM) SE Runtime Environment"/>
    <property name="maven.home" value="C:\Sai\MySoftwares\apache-maven-3.3.9"/>
    <property name="java.class.path" value="C:\Users\SaiSaketh\.jenkins\plugins\maven-plugin\WEB-INF\lib\maven33-agent-1.11.jar;C:\Sai\MySoftwares\apache-maven-3.3.9\boot\plexus-classworlds-2.5.2.jar;C:\Sai\MySoftwares\apache-maven-3.3.9/conf/logging"/>
    <property name="sun.java.command" value="jenkins.maven3.agent.Maven33Main C:\Sai\MySoftwares\apache-maven-3.3.9 C:\Users\SaiSaketh\.jenkins\war\WEB-INF\lib\remoting-3.18.jar C:\Users\SaiSaketh\.jenkins\plugins\maven-plugin\WEB-INF\lib\maven33-interceptor-1.11.jar C:\Users\SaiSaketh\.jenkins\plugins\maven-plugin\WEB-INF\lib\maven3-interceptor-commons-1.11.jar 51742"/>
    <property name="Path" value="C:\Program Files\Java\jdk1.8.0_111/bin;C:\oracle\product\10.2.0\db_1\bin;C:\ProgramData\Oracle\Java\javapath;C:\WINDOWS\system32;C:\WINDOWS;C:\WINDOWS\System32\Wbem;C:\WINDOWS\System32\WindowsPowerShell\v1.0\;C:\Program Files (x86)\Common Files\lenovo\easyplussdk\bin;C:\Swathi\MySoftwares\apache-ant-1.9.7\bin;C:\Program Files\Intel\WiFi\bin\;C:\Program Files\Common Files\Intel\WirelessCommon\;D:\my software\bin;C:\Program Files\SlikSvn\bin\;C:\Swathi\MySoftwares\apache-maven-3.3.9\bin;C:\Program Files (x86)\Skype\Phone\;C:\Sai\MySoftwares\apache-ant-1.9.7\bin;C:\Sai\MySoftwares\apache-maven-3.3.9\bin;C:\Program Files\Git\cmd;C:\Program Files\Java\jdk1.8.0_111\bin;C:\TestYantraNew\Mysoftwares\apache-maven-3.5.3\bin;C:\Users\SaiSaketh\AppData\Local\Microsoft\WindowsApps;"/>
    <property name="java.vm.specification.name" value="Java Virtual Machine Specification"/>
    <property name="PROCESSOR_ARCHITECTURE" value="AMD64"/>
    <property name="PATH+JDK" value="C:\Program Files\Java\jdk1.8.0_111/bin"/>
    <property name="PROCESSOR_IDENTIFIER" value="Intel64 Family 6 Model 78 Stepping 3, GenuineIntel"/>
    <property name="SESSIONNAME" value="Console"/>
    <property name="java.vm.specification.version" value="1.8"/>
    <property name="sun.os.patch.level" value=""/>
    <property name="sun.cpu.endian" value="little"/>
    <property name="M2_HOME" value="C:\Sai\MySoftwares\apache-maven-3.3.9"/>
    <property name="java.io.tmpdir" value="C:\Users\SAISAK~1\AppData\Local\Temp\"/>
    <property name="OS" value="Windows_NT"/>
    <property name="HUDSON_HOME" value="C:\Users\SaiSaketh\.jenkins"/>
    <property name="PATH+MAVEN" value="C:\Sai\MySoftwares\apache-maven-3.3.9/bin"/>
    <property name="ProgramFiles(x86)" value="C:\Program Files (x86)"/>
    <property name="BUILD_URL" value="http://localhost:8080/job/CucumberCRMNew/7/"/>
    <property name="java.vendor.url.bug" value="http://bugreport.sun.com/bugreport/"/>
    <property name="java.awt.graphicsenv" value="sun.awt.Win32GraphicsEnvironment"/>
    <property name="os.arch" value="amd64"/>
    <property name="SystemRoot" value="C:\WINDOWS"/>
    <property name="java.ext.dirs" value="C:\Program Files\Java\jdk1.8.0_111\jre\lib\ext;C:\WINDOWS\Sun\Java\lib\ext"/>
    <property name="user.dir" value="C:\TestYantraNew\JavaSelenium\Cucumber_Junit_CRM"/>
    <property name="JOB_URL" value="http://localhost:8080/job/CucumberCRMNew/"/>
    <property name="LOGONSERVER" value="\\LAPTOP-A9SHFLG8"/>
    <property name="USERDOMAIN" value="LAPTOP-A9SHFLG8"/>
    <property name="line.separator" value="&#10;"/>
    <property name="MAVEN_HOME" value="C:\Sai\MySoftwares\apache-maven-3.3.9"/>
    <property name="java.vm.name" value="Java HotSpot(TM) 64-Bit Server VM"/>
    <property name="BUILD_NUMBER" value="7"/>
    <property name="JENKINS_URL" value="http://localhost:8080/"/>
    <property name="PROCESSOR_REVISION" value="4e03"/>
    <property name="ProgramW6432" value="C:\Program Files"/>
    <property name="windir" value="C:\WINDOWS"/>
    <property name="=C:" value="C:\TestYantraNew\Jenkins"/>
    <property name="file.encoding" value="Cp1252"/>
    <property name="SystemDrive" value="C:"/>
    <property name="maven3.interceptor" value="C:\Users\SaiSaketh\.jenkins\plugins\maven-plugin\WEB-INF\lib\maven33-interceptor-1.11.jar"/>
    <property name="WORKSPACE" value="C:\Users\SaiSaketh\.jenkins\workspace\CucumberCRMNew"/>
    <property name="maven3.interceptor.common" value="C:\Users\SaiSaketh\.jenkins\plugins\maven-plugin\WEB-INF\lib\maven3-interceptor-commons-1.11.jar"/>
    <property name="java.specification.version" value="1.8"/>
    <property name="PSModulePath" value="C:\Program Files (x86)\WindowsPowerShell\Modules;C:\WINDOWS\system32\WindowsPowerShell\v1.0\Modules;C:\Program Files (x86)\AutoIt3\AutoItX"/>
    <property name="easyplussdk" value="&quot;C:\Program Files (x86)\Common Files\lenovo\easyplussdk\bin&quot;"/>
  </properties>
  <testcase name="Given User navigates to the Free CRM url on the opened browser" classname="| swathitesting81 | testing123 | success |" time="0.002"/>
  <testcase name="Then Login page is displayed" classname="| swathitesting81 | testing123 | success |" time="0"/>
  <testcase name="Then User enters username as &quot;swathitesting81&quot; and password as &quot;testing123&quot;" classname="| swathitesting81 | testing123 | success |" time="0"/>
  <testcase name="Then User click on login button" classname="| swathitesting81 | testing123 | success |" time="0"/>
  <testcase name="Then login should be &quot;success&quot;" classname="| swathitesting81 | testing123 | success |" time="0"/>
  <testcase name="Then Validate home page title" classname="| swathitesting81 | testing123 | success |" time="0"/>
  <testcase name="| swathitesting81 | testing123 | success |" classname="| swathitesting81 | testing123 | success |" time="2.03"/>
  <testcase name="Given User navigates to the Free CRM url on the opened browser" classname="| swathi123testing | testing123 | success |" time="0"/>
  <testcase name="Then Login page is displayed" classname="| swathi123testing | testing123 | success |" time="0"/>
  <testcase name="Then User enters username as &quot;swathi123testing&quot; and password as &quot;testing123&quot;" classname="| swathi123testing | testing123 | success |" time="0"/>
  <testcase name="Then User click on login button" classname="| swathi123testing | testing123 | success |" time="0"/>
  <testcase name="Then login should be &quot;success&quot;" classname="| swathi123testing | testing123 | success |" time="0"/>
  <testcase name="Then Validate home page title" classname="| swathi123testing | testing123 | success |" time="0"/>
  <testcase name="| swathi123testing | testing123 | success |" classname="| swathi123testing | testing123 | success |" time="1.148"/>
  <testcase name="Given User navigates to the Free CRM url on the opened browser" classname="| swathi123testing | testing123 | Danniel | Josh | Manager |" time="0"/>
  <testcase name="Then Login page is displayed" classname="| swathi123testing | testing123 | Danniel | Josh | Manager |" time="0"/>
  <testcase name="Then User enters username as &quot;swathi123testing&quot; and password as &quot;testing123&quot;" classname="| swathi123testing | testing123 | Danniel | Josh | Manager |" time="0"/>
  <testcase name="Then User click on login button" classname="| swathi123testing | testing123 | Danniel | Josh | Manager |" time="0"/>
  <testcase name="Then Validate home page title" classname="| swathi123testing | testing123 | Danniel | Josh | Manager |" time="0"/>
  <testcase name="Then User switches and moves to new contacts page" classname="| swathi123testing | testing123 | Danniel | Josh | Manager |" time="0"/>
  <testcase name="Then Verify contacts page is displayed" classname="| swathi123testing | testing123 | Danniel | Josh | Manager |" time="0"/>
  <testcase name="Then User enters &quot;Danniel&quot; and &quot;Josh&quot; and &quot;Manager&quot;" classname="| swathi123testing | testing123 | Danniel | Josh | Manager |" time="0"/>
  <testcase name="Then User clicks on contacts tab" classname="| swathi123testing | testing123 | Danniel | Josh | Manager |" time="0"/>
  <testcase name="Then Verify the new created contact &quot;Danniel&quot; under contacts" classname="| swathi123testing | testing123 | Danniel | Josh | Manager |" time="0"/>
  <testcase name="| swathi123testing | testing123 | Danniel | Josh | Manager |" classname="| swathi123testing | testing123 | Danniel | Josh | Manager |" time="1.324"/>
  <testcase name="Given User navigates to the Free CRM url on the opened browser" classname="| swathi123testing | testing123 | Henry | Peter | Director |" time="0"/>
  <testcase name="Then Login page is displayed" classname="| swathi123testing | testing123 | Henry | Peter | Director |" time="0"/>
  <testcase name="Then User enters username as &quot;swathi123testing&quot; and password as &quot;testing123&quot;" classname="| swathi123testing | testing123 | Henry | Peter | Director |" time="0.001"/>
  <testcase name="Then User click on login button" classname="| swathi123testing | testing123 | Henry | Peter | Director |" time="0"/>
  <testcase name="Then Validate home page title" classname="| swathi123testing | testing123 | Henry | Peter | Director |" time="0"/>
  <testcase name="Then User switches and moves to new contacts page" classname="| swathi123testing | testing123 | Henry | Peter | Director |" time="0"/>
  <testcase name="Then Verify contacts page is displayed" classname="| swathi123testing | testing123 | Henry | Peter | Director |" time="0"/>
  <testcase name="Then User enters &quot;Henry&quot; and &quot;Peter&quot; and &quot;Director&quot;" classname="| swathi123testing | testing123 | Henry | Peter | Director |" time="0"/>
  <testcase name="Then User clicks on contacts tab" classname="| swathi123testing | testing123 | Henry | Peter | Director |" time="0"/>
  <testcase name="Then Verify the new created contact &quot;Henry&quot; under contacts" classname="| swathi123testing | testing123 | Henry | Peter | Director |" time="0"/>
  <testcase name="| swathi123testing | testing123 | Henry | Peter | Director |" classname="| swathi123testing | testing123 | Henry | Peter | Director |" time="1.119"/>
  <testcase name="Given User navigates to the Free CRM url on the opened browser" classname="| swathi123testing | testing123 | Sam | TechEngineer |" time="0"/>
  <testcase name="Then Login page is displayed" classname="| swathi123testing | testing123 | Sam | TechEngineer |" time="0"/>
  <testcase name="Then User enters username as &quot;swathi123testing&quot; and password as &quot;testing123&quot;" classname="| swathi123testing | testing123 | Sam | TechEngineer |" time="0"/>
  <testcase name="Then User click on login button" classname="| swathi123testing | testing123 | Sam | TechEngineer |" time="0"/>
  <testcase name="Then Validate home page title" classname="| swathi123testing | testing123 | Sam | TechEngineer |" time="0"/>
  <testcase name="Then User switches and moves to new contacts page" classname="| swathi123testing | testing123 | Sam | TechEngineer |" time="0"/>
  <testcase name="Then Verify contacts page is displayed" classname="| swathi123testing | testing123 | Sam | TechEngineer |" time="0"/>
  <testcase name="Then User enters only &quot;Sam&quot; and &quot;TechEngineer&quot;" classname="| swathi123testing | testing123 | Sam | TechEngineer |" time="0"/>
  <testcase name="Then User should get error message to enter firstname" classname="| swathi123testing | testing123 | Sam | TechEngineer |" time="0.008">
    <failure message="Expected Error Message and actual message not matching" type="java.lang.AssertionError">java.lang.AssertionError: Expected Error Message and actual message not matching
</failure>
  </testcase>
  <testcase name="| swathi123testing | testing123 | Sam | TechEngineer |" classname="| swathi123testing | testing123 | Sam | TechEngineer |" time="0.008">
    <failure message="Expected Error Message and actual message not matching" type="java.lang.AssertionError">java.lang.AssertionError: Expected Error Message and actual message not matching
</failure>
  </testcase>
  <testcase name="Given User navigates to the Free CRM url on the opened browser" classname="Scenario: Multiple deals creation using datatable" time="0"/>
  <testcase name="Then Login page is displayed" classname="Scenario: Multiple deals creation using datatable" time="0"/>
  <testcase name="Then User enters username and password" classname="Scenario: Multiple deals creation using datatable" time="0"/>
  <testcase name="Then User click on login button" classname="Scenario: Multiple deals creation using datatable" time="0"/>
  <testcase name="Then Validate home page title" classname="Scenario: Multiple deals creation using datatable" time="0"/>
  <testcase name="Then User switches and moves to new deals page" classname="Scenario: Multiple deals creation using datatable" time="0"/>
  <testcase name="Then Verify deals page is displayed" classname="Scenario: Multiple deals creation using datatable" time="0"/>
  <testcase name="Then User enters deal details and validate created user" classname="Scenario: Multiple deals creation using datatable" time="0"/>
  <testcase name="Scenario: Multiple deals creation using datatable" classname="Scenario: Multiple deals creation using datatable" time="1.031"/>
</testsuite>